2025-05-09T11:21:20,972 INFO  properties - newSecurityManager: setting entity expansion limit to: 0
2025-05-09T11:21:21,281 INFO  properties - newSecurityManager: setting entity expansion limit to: 0
2025-05-09T11:21:21,691 INFO  ProcessorService - Context listener - Context initialized.
2025-05-09T11:21:21,700 INFO  form-runner-auth - initializing
2025-05-09T11:21:21,701 INFO  form-runner-auth - configuring: FilterSettings(None)
2025-05-09T11:21:21,724 INFO  limiter - initializing
2025-05-09T11:21:21,725 INFO  limiter - configuring: FilterSettings(java.util.concurrent.Semaphore@6e32a1c8[Permits = 24],(/fr/.*)|(/xforms-server),(?!/([^/]+)/service/).+\.(gif|css|pdf|json|js|coffee|map|png|jpg|xsd|htc|ico|swf|html|htm|txt))
2025-05-09T12:32:50,617 INFO  properties - newSecurityManager: setting entity expansion limit to: 0
2025-05-09T12:32:50,936 INFO  properties - newSecurityManager: setting entity expansion limit to: 0
2025-05-09T12:32:51,377 INFO  ProcessorService - Context listener - Context initialized.
2025-05-09T12:32:51,389 INFO  form-runner-auth - initializing
2025-05-09T12:32:51,390 INFO  form-runner-auth - configuring: FilterSettings(None)
2025-05-09T12:32:51,413 INFO  limiter - initializing
2025-05-09T12:32:51,414 INFO  limiter - configuring: FilterSettings(java.util.concurrent.Semaphore@5cb07698[Permits = 24],(/fr/.*)|(/xforms-server),(?!/([^/]+)/service/).+\.(gif|css|pdf|json|js|coffee|map|png|jpg|xsd|htc|ico|swf|html|htm|txt))
2025-05-09T12:39:06,466 INFO  properties - newSecurityManager: setting entity expansion limit to: 0
2025-05-09T12:39:06,809 INFO  properties - newSecurityManager: setting entity expansion limit to: 0
2025-05-09T12:39:07,301 INFO  ProcessorService - Context listener - Context initialized.
2025-05-09T12:39:07,309 INFO  form-runner-auth - initializing
2025-05-09T12:39:07,310 INFO  form-runner-auth - configuring: FilterSettings(None)
2025-05-09T12:39:07,335 INFO  limiter - initializing
2025-05-09T12:39:07,336 INFO  limiter - configuring: FilterSettings(java.util.concurrent.Semaphore@416308f2[Permits = 24],(/fr/.*)|(/xforms-server),(?!/([^/]+)/service/).+\.(gif|css|pdf|json|js|coffee|map|png|jpg|xsd|htc|ico|swf|html|htm|txt))
2025-05-09T12:45:53,428 INFO  form-runner-auth - destroying
2025-05-09T12:45:53,434 INFO  limiter - destroying
2025-05-09T12:45:53,467 INFO  ProcessorService - Context listener - Context destroyed.
2025-05-12T09:11:37,845 INFO  properties - newSecurityManager: setting entity expansion limit to: 0
2025-05-12T09:11:38,475 INFO  properties - newSecurityManager: setting entity expansion limit to: 0
2025-05-12T09:11:39,138 INFO  ProcessorService - Context listener - Context initialized.
2025-05-12T09:11:39,176 INFO  form-runner-auth - initializing
2025-05-12T09:11:39,178 INFO  form-runner-auth - configuring: FilterSettings(None)
2025-05-12T09:11:39,247 INFO  limiter - initializing
2025-05-12T09:11:39,248 INFO  limiter - configuring: FilterSettings(java.util.concurrent.Semaphore@4baca2ab[Permits = 24],(/fr/.*)|(/xforms-server),(?!/([^/]+)/service/).+\.(gif|css|pdf|json|js|coffee|map|png|jpg|xsd|htc|ico|swf|html|htm|txt))
2025-05-12T10:50:19,041 INFO  form-runner-auth - destroying
2025-05-12T10:50:19,042 INFO  limiter - destroying
2025-05-12T10:50:19,077 INFO  ProcessorService - Context listener - Context destroyed.
